TN:
SF:src/app.js
FN:12,(anonymous_0)
FNF:1
FNH:1
FNDA:2,(anonymous_0)
DA:1,1
DA:2,1
DA:3,1
DA:5,1
DA:7,1
DA:8,1
DA:10,1
DA:12,1
DA:13,2
DA:16,1
DA:18,1
DA:19,1
DA:20,1
DA:21,1
DA:22,1
DA:25,1
LF:16
LH:16
BRDA:13,0,0,2
BRDA:13,0,1,0
BRF:2
BRH:1
end_of_record
TN:
SF:src/controllers/taskController.js
FN:7,(anonymous_0)
FN:26,(anonymous_1)
FNF:2
FNH:2
FNDA:5,(anonymous_0)
FNDA:4,(anonymous_1)
DA:1,1
DA:3,1
DA:4,1
DA:5,1
DA:7,1
DA:8,5
DA:10,5
DA:13,5
DA:19,5
DA:20,3
DA:22,2
DA:26,1
DA:27,4
DA:28,4
DA:29,4
DA:30,2
DA:32,2
DA:36,1
LF:18
LH:18
BRDA:10,0,0,2
BRDA:10,0,1,3
BRF:2
BRH:2
end_of_record
TN:
SF:src/database/mongoConnection.js
FN:4,(anonymous_0)
FN:5,(anonymous_1)
FNF:2
FNH:0
FNDA:0,(anonymous_0)
FNDA:0,(anonymous_1)
DA:1,1
DA:3,1
DA:4,0
DA:5,0
DA:7,1
LF:5
LH:3
BRF:0
BRH:0
end_of_record
TN:
SF:src/models/taskModel.js
FN:6,(anonymous_0)
FNF:1
FNH:0
FNDA:0,(anonymous_0)
DA:1,1
DA:2,1
DA:4,1
DA:6,0
DA:16,1
DA:18,1
LF:6
LH:5
BRF:0
BRH:0
end_of_record
TN:
SF:src/repository/taskRepository.js
FN:5,(anonymous_0)
FN:27,(anonymous_1)
FN:37,(anonymous_2)
FN:55,(anonymous_3)
FNF:4
FNH:4
FNDA:3,(anonymous_0)
FNDA:4,(anonymous_1)
FNDA:2,(anonymous_2)
FNDA:2,(anonymous_3)
DA:1,1
DA:2,1
DA:6,3
DA:7,3
DA:21,3
DA:23,0
DA:28,4
DA:29,4
DA:30,3
DA:31,3
DA:33,1
DA:38,2
DA:39,2
DA:40,2
DA:41,2
DA:42,2
DA:43,4
DA:44,3
DA:46,1
DA:47,1
DA:50,1
DA:51,1
DA:56,2
DA:57,2
DA:61,2
DA:62,1
DA:64,1
DA:66,1
DA:71,1
LF:29
LH:28
BRDA:61,0,0,1
BRDA:61,0,1,1
BRF:2
BRH:2
end_of_record
TN:
SF:src/server/events.js
FN:1,(anonymous_0)
FN:5,(anonymous_1)
FN:9,(anonymous_2)
FN:9,(anonymous_3)
FN:11,(anonymous_4)
FN:12,(anonymous_5)
FN:14,(anonymous_6)
FN:19,(anonymous_7)
FNF:8
FNH:2
FNDA:1,(anonymous_0)
FNDA:0,(anonymous_1)
FNDA:2,(anonymous_2)
FNDA:0,(anonymous_3)
FNDA:0,(anonymous_4)
FNDA:0,(anonymous_5)
FNDA:0,(anonymous_6)
FNDA:0,(anonymous_7)
DA:1,1
DA:2,1
DA:5,1
DA:6,0
DA:9,2
DA:10,0
DA:11,0
DA:12,0
DA:13,0
DA:14,0
DA:19,1
DA:20,0
DA:23,1
LF:13
LH:6
BRF:0
BRH:0
end_of_record
TN:
SF:src/server/routes/taskRoutes.js
FNF:0
FNH:0
DA:1,1
DA:3,1
DA:4,1
DA:6,1
DA:7,1
DA:9,1
LF:6
LH:6
BRF:0
BRH:0
end_of_record
TN:
SF:src/services/LoremFakerService.js
FN:5,(anonymous_0)
FNF:1
FNH:1
FNDA:2,(anonymous_0)
DA:1,1
DA:2,1
DA:6,2
DA:7,2
DA:11,0
DA:16,1
LF:6
LH:5
BRF:0
BRH:0
end_of_record
TN:
SF:src/services/taskService.js
FN:6,(anonymous_0)
FN:23,(anonymous_1)
FNF:2
FNH:2
FNDA:6,(anonymous_0)
FNDA:4,(anonymous_1)
DA:1,1
DA:2,1
DA:3,1
DA:7,6
DA:8,6
DA:9,6
DA:11,4
DA:14,4
DA:15,1
DA:17,3
DA:18,2
DA:20,2
DA:24,4
DA:25,4
DA:28,2
DA:30,2
DA:35,1
LF:17
LH:17
BRDA:9,0,0,2
BRDA:9,0,1,4
BRDA:14,1,0,1
BRDA:14,1,1,3
BRF:4
BRH:4
end_of_record
